CREATE EXTENSION
DO
CREATE TABLE
CREATE TABLE
CREATE TABLE
CREATE TABLE
CREATE TABLE
CREATE TABLE
CREATE TABLE
CREATE TABLE
CREATE TABLE
CREATE FUNCTION
CREATE FUNCTION
CREATE FUNCTION
CREATE FUNCTION
CREATE FUNCTION
CREATE FUNCTION
DROP TRIGGER
CREATE TRIGGER
DROP TRIGGER
CREATE TRIGGER
DROP TRIGGER
CREATE TRIGGER
DROP TRIGGER
CREATE TRIGGER
DROP TRIGGER
CREATE TRIGGER
CREATE INDEX
CREATE INDEX
CREATE INDEX
CREATE INDEX
CREATE INDEX
CREATE INDEX
CREATE INDEX
CREATE INDEX
CREATE INDEX
CREATE INDEX
CREATE INDEX
CREATE INDEX
CREATE INDEX
CREATE INDEX
CREATE INDEX
CREATE INDEX
CREATE INDEX
CREATE INDEX
CREATE INDEX
CREATE INDEX
CREATE INDEX
BEGIN
DELETE 10
DELETE 32
DELETE 32
DELETE 16
DELETE 32
DELETE 24
DELETE 4
DELETE 8
DELETE 4
INSERT 0 4
INSERT 0 8
INSERT 0 24
INSERT 0 32
INSERT 0 16
INSERT 0 32
INSERT 0 32
INSERT 0 4
INSERT 0 10
COMMIT
CREATE FUNCTION
CREATE FUNCTION
CREATE FUNCTION
CREATE FUNCTION
CREATE FUNCTION
CREATE FUNCTION
CREATE FUNCTION
CREATE FUNCTION
CREATE FUNCTION
CREATE FUNCTION
CREATE FUNCTION
CREATE FUNCTION
CREATE FUNCTION
[PEAA-10] Starting customer/person verification harness
BEGIN
INSERT 0 2
DO
DO
DO
DO
DO
DO
ROLLBACK
[PEAA-10] Verification harness passed (all assertions succeeded, transaction rolled back)
PEAA-10 SQL verification completed successfully
